<?xml version="1.0" encoding="UTF-8"?>
<!-- Generated by org.testng.reporters.JUnitReportReporter -->
<testsuite hostname="Workstation" name="com.enablens.dfa.base.DcnmAuthTokenTest" tests="11" failures="0" timestamp="3 Mar 2014 16:19:18 GMT" time="16.996" errors="0">
  <testcase name="getServer" time="0.563" classname="com.enablens.dfa.base.DcnmAuthTokenTest"/>
  <testcase name="netFailToken" time="14.264" classname="com.enablens.dfa.base.DcnmAuthTokenTest"/>
  <testcase name="toStringTest" time="0.055" classname="com.enablens.dfa.base.DcnmAuthTokenTest"/>
  <testcase name="userAuthFailToken" time="0.008" classname="com.enablens.dfa.base.DcnmAuthTokenTest"/>
  <testcase name="staleToken" time="1.010" classname="com.enablens.dfa.base.DcnmAuthTokenTest"/>
  <testcase name="mainTestIncorrectAgs" time="0.000" classname="com.enablens.dfa.base.DcnmAuthTokenTest"/>
  <testcase name="refreshState" time="1.061" classname="com.enablens.dfa.base.DcnmAuthTokenTest"/>
  <testcase name="mainTestNoNumber" time="0.001" classname="com.enablens.dfa.base.DcnmAuthTokenTest"/>
  <testcase name="validToken" time="0.008" classname="com.enablens.dfa.base.DcnmAuthTokenTest"/>
  <testcase name="getToken" time="0.015" classname="com.enablens.dfa.base.DcnmAuthTokenTest"/>
  <testcase name="mainTestCorrect" time="0.011" classname="com.enablens.dfa.base.DcnmAuthTokenTest"/>
</testsuite> <!-- com.enablens.dfa.base.DcnmAuthTokenTest -->
