<?xml version="1.0" encoding="UTF-8"?>
<!-- Generated by org.testng.reporters.JUnitReportReporter -->
<testsuite hostname="Workstation" name="net.pattinsont.dfa.base.DcnmAuthTokenTest" tests="7" failures="0" timestamp="24 Feb 2014 16:07:31 GMT" time="4.875" errors="0">
  <testcase name="refreshState" time="1.076" classname="net.pattinsont.dfa.base.DcnmAuthTokenTest"/>
  <testcase name="validToken" time="0.039" classname="net.pattinsont.dfa.base.DcnmAuthTokenTest"/>
  <testcase name="netFailToken" time="2.258" classname="net.pattinsont.dfa.base.DcnmAuthTokenTest"/>
  <testcase name="userAuthFailToken" time="0.008" classname="net.pattinsont.dfa.base.DcnmAuthTokenTest"/>
  <testcase name="staleToken" time="1.009" classname="net.pattinsont.dfa.base.DcnmAuthTokenTest"/>
  <testcase name="getServer" time="0.475" classname="net.pattinsont.dfa.base.DcnmAuthTokenTest"/>
  <testcase name="getToken" time="0.010" classname="net.pattinsont.dfa.base.DcnmAuthTokenTest"/>
</testsuite> <!-- net.pattinsont.dfa.base.DcnmAuthTokenTest -->
